{"level":"info","message":"Loading Mongoose functionality","timestamp":"2017-12-19T00:01:43.872Z"}
{"level":"info","message":"Starting application","timestamp":"2017-12-19T00:01:44.064Z"}
{"level":"info","message":"HTTP Server listening on port: 5000, in development mode","timestamp":"2017-12-19T00:01:44.074Z"}
{"level":"info","message":"Mongoose connected to the database","timestamp":"2017-12-19T00:01:44.108Z"}
{"level":"info","message":"Request from ::1","timestamp":"2017-12-19T00:07:18.061Z"}
{"level":"info","message":"Request from ::1","timestamp":"2017-12-19T00:30:34.134Z"}
{"level":"verbose","message":"Create user","timestamp":"2017-12-19T00:30:34.135Z"}
{"level":"info","message":"Request from ::1","timestamp":"2017-12-19T00:30:39.959Z"}
{"level":"info","message":"Request from ::1","timestamp":"2017-12-19T00:30:40.213Z"}
{"level":"verbose","message":"Get ToDos for a user","timestamp":"2017-12-19T00:30:40.213Z"}
{"level":"info","message":"Request from ::1","timestamp":"2017-12-19T00:31:04.717Z"}
{"level":"verbose","message":"Get ToDos for a user","timestamp":"2017-12-19T00:31:04.718Z"}
{"level":"info","message":"Request from ::1","timestamp":"2017-12-19T00:31:59.726Z"}
{"level":"verbose","message":"Get ToDos for a user","timestamp":"2017-12-19T00:31:59.726Z"}
{"level":"info","message":"Request from ::1","timestamp":"2017-12-19T00:32:54.664Z"}
{"level":"verbose","message":"Get ToDos for a user","timestamp":"2017-12-19T00:32:54.665Z"}
{"level":"info","message":"Request from ::1","timestamp":"2017-12-19T00:33:17.948Z"}
{"level":"verbose","message":"Get ToDos for a user","timestamp":"2017-12-19T00:33:17.949Z"}
{"level":"info","message":"Request from ::1","timestamp":"2017-12-19T00:33:49.863Z"}
{"level":"verbose","message":"Get ToDos for a user","timestamp":"2017-12-19T00:33:49.864Z"}
{"level":"info","message":"Request from ::1","timestamp":"2017-12-19T00:34:01.703Z"}
{"level":"verbose","message":"Get ToDos for a user","timestamp":"2017-12-19T00:34:01.703Z"}
{"level":"info","message":"Request from ::1","timestamp":"2017-12-19T00:34:16.712Z"}
{"level":"verbose","message":"Create a ToDo","timestamp":"2017-12-19T00:34:16.715Z"}
{"level":"info","message":"Request from ::1","timestamp":"2017-12-19T00:35:52.757Z"}
{"level":"verbose","message":"Get ToDos for a user","timestamp":"2017-12-19T00:35:52.758Z"}
{"level":"info","message":"Request from ::1","timestamp":"2017-12-19T00:36:27.960Z"}
{"level":"verbose","message":"Create a ToDo","timestamp":"2017-12-19T00:36:27.962Z"}
{"level":"error","message":"WriteError({\"code\":11000,\"index\":0,\"errmsg\":\"E11000 duplicate key error collection: todo-dev.todos index: description_1 dup key: { : \\\"a\\\" }\",\"op\":{\"description\":\"a\",\"userId\":\"5a385daa41d5900880b01767\",\"priority\":\"Low\",\"todo\":\"a\",\"_id\":\"5a385f0b41d5900880b01769\",\"completed\":false,\"datedue\":\"2017-12-20T06:00:00.000Z\",\"dateCreated\":\"2017-12-19T00:36:27.963Z\",\"__v\":0}})\n    at Function.MongoError.create (C:\\Users\\Varun\\Desktop\\TODO\\server\\node_modules\\mongodb-core\\lib\\error.js:31:11)\n    at toError (C:\\Users\\Varun\\Desktop\\TODO\\server\\node_modules\\mongodb\\lib\\utils.js:139:22)\n    at C:\\Users\\Varun\\Desktop\\TODO\\server\\node_modules\\mongodb\\lib\\collection.js:668:23\n    at handleCallback (C:\\Users\\Varun\\Desktop\\TODO\\server\\node_modules\\mongodb\\lib\\utils.js:120:56)\n    at C:\\Users\\Varun\\Desktop\\TODO\\server\\node_modules\\mongodb\\lib\\bulk\\unordered.js:465:9\n    at handleCallback (C:\\Users\\Varun\\Desktop\\TODO\\server\\node_modules\\mongodb\\lib\\utils.js:120:56)\n    at resultHandler (C:\\Users\\Varun\\Desktop\\TODO\\server\\node_modules\\mongodb\\lib\\bulk\\unordered.js:413:5)\n    at C:\\Users\\Varun\\Desktop\\TODO\\server\\node_modules\\mongodb-core\\lib\\connection\\pool.js:469:18\n    at _combinedTickCallback (internal/process/next_tick.js:131:7)\n    at process._tickCallback (internal/process/next_tick.js:180:9)\nFrom previous event:\n    at model.wrappedPointCut [as save] (C:\\Users\\Varun\\Desktop\\TODO\\server\\node_modules\\mongoose\\lib\\services\\model\\applyHooks.js:139:23)\n    at C:\\Users\\Varun\\Desktop\\TODO\\server\\app\\controllers\\todos.js:60:13\n    at Layer.handle [as handle_request] (C:\\Users\\Varun\\Desktop\\TODO\\server\\node_modules\\express\\lib\\router\\layer.js:95:5)\n    at next (C:\\Users\\Varun\\Desktop\\TODO\\server\\node_modules\\express\\lib\\router\\route.js:137:13)\n    at Route.dispatch (C:\\Users\\Varun\\Desktop\\TODO\\server\\node_modules\\express\\lib\\router\\route.js:112:3)\n    at Layer.handle [as handle_request] (C:\\Users\\Varun\\Desktop\\TODO\\server\\node_modules\\express\\lib\\router\\layer.js:95:5)\n    at C:\\Users\\Varun\\Desktop\\TODO\\server\\node_modules\\express\\lib\\router\\index.js:281:22\n    at Function.process_params (C:\\Users\\Varun\\Desktop\\TODO\\server\\node_modules\\express\\lib\\router\\index.js:335:12)\n    at next (C:\\Users\\Varun\\Desktop\\TODO\\server\\node_modules\\express\\lib\\router\\index.js:275:10)\n    at Function.handle (C:\\Users\\Varun\\Desktop\\TODO\\server\\node_modules\\express\\lib\\router\\index.js:174:3)\n    at router (C:\\Users\\Varun\\Desktop\\TODO\\server\\node_modules\\express\\lib\\router\\index.js:47:12)\n    at Layer.handle [as handle_request] (C:\\Users\\Varun\\Desktop\\TODO\\server\\node_modules\\express\\lib\\router\\layer.js:95:5)\n    at trim_prefix (C:\\Users\\Varun\\Desktop\\TODO\\server\\node_modules\\express\\lib\\router\\index.js:317:13)\n    at C:\\Users\\Varun\\Desktop\\TODO\\server\\node_modules\\express\\lib\\router\\index.js:284:7\n    at Function.process_params (C:\\Users\\Varun\\Desktop\\TODO\\server\\node_modules\\express\\lib\\router\\index.js:335:12)\n    at next (C:\\Users\\Varun\\Desktop\\TODO\\server\\node_modules\\express\\lib\\router\\index.js:275:10)\n    at urlencodedParser (C:\\Users\\Varun\\Desktop\\TODO\\server\\node_modules\\body-parser\\lib\\types\\urlencoded.js:82:7)\n    at Layer.handle [as handle_request] (C:\\Users\\Varun\\Desktop\\TODO\\server\\node_modules\\express\\lib\\router\\layer.js:95:5)\n    at trim_prefix (C:\\Users\\Varun\\Desktop\\TODO\\server\\node_modules\\express\\lib\\router\\index.js:317:13)","timestamp":"2017-12-19T00:36:28.008Z"}
{"level":"info","message":"Request from ::1","timestamp":"2017-12-19T00:36:28.034Z"}
{"level":"verbose","message":"Upload file for todo undefined and 5a385daa41d5900880b01767","timestamp":"2017-12-19T00:36:28.087Z"}
{"level":"error","message":"CastError: Cast to ObjectId failed for value \"undefined\" at path \"_id\" for model \"todos\"\n    at new CastError (C:\\Users\\Varun\\Desktop\\TODO\\server\\node_modules\\mongoose\\lib\\error\\cast.js:27:11)\n    at ObjectId.cast (C:\\Users\\Varun\\Desktop\\TODO\\server\\node_modules\\mongoose\\lib\\schema\\objectid.js:158:13)\n    at ObjectId.SchemaType._castForQuery (C:\\Users\\Varun\\Desktop\\TODO\\server\\node_modules\\mongoose\\lib\\schematype.js:1088:15)\n    at ObjectId.castForQuery (C:\\Users\\Varun\\Desktop\\TODO\\server\\node_modules\\mongoose\\lib\\schema\\objectid.js:198:15)\n    at ObjectId.SchemaType.castForQueryWrapper (C:\\Users\\Varun\\Desktop\\TODO\\server\\node_modules\\mongoose\\lib\\schematype.js:1045:15)\n    at cast (C:\\Users\\Varun\\Desktop\\TODO\\server\\node_modules\\mongoose\\lib\\cast.js:269:32)\n    at model.Query.Query.cast (C:\\Users\\Varun\\Desktop\\TODO\\server\\node_modules\\mongoose\\lib\\query.js:3302:12)\n    at model.Query.Query._castConditions (C:\\Users\\Varun\\Desktop\\TODO\\server\\node_modules\\mongoose\\lib\\query.js:1292:10)\n    at model.Query.Query._findOne (C:\\Users\\Varun\\Desktop\\TODO\\server\\node_modules\\mongoose\\lib\\query.js:1504:8)\n    at C:\\Users\\Varun\\Desktop\\TODO\\server\\node_modules\\kareem\\index.js:250:8\n    at C:\\Users\\Varun\\Desktop\\TODO\\server\\node_modules\\kareem\\index.js:23:7\n    at _combinedTickCallback (internal/process/next_tick.js:131:7)\n    at process._tickCallback (internal/process/next_tick.js:180:9)","timestamp":"2017-12-19T00:36:28.103Z"}
{"level":"info","message":"Request from ::1","timestamp":"2017-12-19T00:36:31.681Z"}
{"level":"verbose","message":"Get ToDos for a user","timestamp":"2017-12-19T00:36:31.682Z"}
{"level":"info","message":"Request from ::1","timestamp":"2017-12-19T00:36:56.715Z"}
{"level":"verbose","message":"Create a ToDo","timestamp":"2017-12-19T00:36:56.717Z"}
{"level":"info","message":"Request from ::1","timestamp":"2017-12-19T00:36:56.757Z"}
{"level":"verbose","message":"Upload file for todo 5a385f2841d5900880b0176a and 5a385daa41d5900880b01767","timestamp":"2017-12-19T00:36:56.791Z"}
{"level":"info","message":"Request from ::1","timestamp":"2017-12-19T00:37:01.507Z"}
{"level":"verbose","message":"Get ToDos for a user","timestamp":"2017-12-19T00:37:01.508Z"}
{"level":"info","message":"Request from ::1","timestamp":"2017-12-19T00:37:03.299Z"}
{"level":"info","message":"Request from ::1","timestamp":"2017-12-19T00:37:03.417Z"}
{"level":"info","message":"Request from ::1","timestamp":"2017-12-19T00:37:08.510Z"}
{"level":"verbose","message":"Delete ToDo with id ToDoid5a385e8841d5900880b01768","timestamp":"2017-12-19T00:37:08.513Z"}
{"level":"info","message":"Request from ::1","timestamp":"2017-12-19T00:37:32.992Z"}
{"level":"verbose","message":"Update Todo with id ToDoid5a385f2841d5900880b0176a","timestamp":"2017-12-19T00:37:32.996Z"}
{"level":"info","message":"Request from ::1","timestamp":"2017-12-19T00:37:33.046Z"}
{"level":"verbose","message":"Upload file for todo 5a385f2841d5900880b0176a and 5a385daa41d5900880b01767","timestamp":"2017-12-19T00:37:33.084Z"}
{"level":"info","message":"Request from ::1","timestamp":"2017-12-19T00:37:35.950Z"}
{"level":"verbose","message":"Get ToDos for a user","timestamp":"2017-12-19T00:37:35.951Z"}
{"level":"info","message":"Request from ::1","timestamp":"2017-12-19T00:37:37.345Z"}
{"level":"info","message":"Loading Mongoose functionality","timestamp":"2017-12-19T00:39:30.159Z"}
{"level":"info","message":"Starting application","timestamp":"2017-12-19T00:39:30.509Z"}
{"level":"info","message":"HTTP Server listening on port: 5000, in development mode","timestamp":"2017-12-19T00:39:30.523Z"}
{"level":"info","message":"Mongoose connected to the database","timestamp":"2017-12-19T00:39:30.547Z"}
{"level":"info","message":"Loading Mongoose functionality","timestamp":"2017-12-19T00:40:06.086Z"}
{"level":"info","message":"Starting application","timestamp":"2017-12-19T00:40:06.355Z"}
{"level":"info","message":"HTTP Server listening on port: 5000, in development mode","timestamp":"2017-12-19T00:40:06.370Z"}
{"level":"info","message":"Mongoose connected to the database","timestamp":"2017-12-19T00:40:06.394Z"}
{"level":"info","message":"Loading Mongoose functionality","timestamp":"2017-12-19T00:43:48.729Z"}
{"level":"info","message":"Starting application","timestamp":"2017-12-19T00:43:48.956Z"}
{"level":"info","message":"HTTP Server listening on port: 5000, in development mode","timestamp":"2017-12-19T00:43:48.967Z"}
{"level":"info","message":"Request from ::1","timestamp":"2017-12-19T00:43:59.942Z"}
{"level":"info","message":"Request from ::1","timestamp":"2017-12-19T00:44:00.001Z"}
{"level":"info","message":"Request from ::1","timestamp":"2017-12-19T00:44:00.005Z"}
{"level":"info","message":"Request from ::1","timestamp":"2017-12-19T00:44:00.512Z"}
